<?xml version="1.0" encoding="UTF-8"?>
<!-- Generated by org.testng.reporters.JUnitReportReporter -->
<testsuite hostname="IBM-PF2RGE1Z" failures="0" tests="1" name="tests.SearchCustomer" time="23.615" errors="0" timestamp="2023-08-01T17:00:28 IST" skipped="0">
  <testcase classname="tests.SearchCustomer" name="searchCustomerbyEmail" time="23.615"/>
  <system-out/>
</testsuite> <!-- tests.SearchCustomer -->
